<?xml version="1.0" encoding="UTF-8"?>
<!-- Generated by org.testng.reporters.JUnitReportReporter -->
<testsuite skipped="0" hostname="DESKTOP-G66AB7M" name="ReqResTestcases.PatchReqRes" tests="1" failures="0" timestamp="2021-08-27T17:24:59 IST" time="3.428" errors="0">
  <testcase name="putTest" time="3.428" classname="ReqResTestcases.PatchReqRes"/>
  <system-out/>
</testsuite> <!-- ReqResTestcases.PatchReqRes -->
