<?xml version="1.0" encoding="UTF-8"?>
<!-- Generated by org.testng.reporters.JUnitReportReporter -->
<testsuite skipped="0" hostname="DESKTOP-G66AB7M" name="JiraAPITest.AddAttachmentJira" tests="1" failures="0" timestamp="2021-09-18T19:46:07 IST" time="3.744" errors="0">
  <testcase name="addAttachmentToIssue" time="3.744" classname="JiraAPITest.AddAttachmentJira"/>
  <system-out/>
</testsuite> <!-- JiraAPITest.AddAttachmentJira -->
