<?xml version="1.0" encoding="UTF-8"?>
<!-- Generated by org.testng.reporters.JUnitReportReporter -->
<testsuite skipped="0" hostname="DESKTOP-G66AB7M" name="JiraAPITest.AddComment" tests="2" failures="0" timestamp="2021-09-18T20:12:49 IST" time="3.386" errors="0">
  <testcase name="commentIssueUsingEditMethod" time="0.703" classname="JiraAPITest.AddComment"/>
  <system-out/>
  <testcase name="commentIssue" time="2.683" classname="JiraAPITest.AddComment"/>
  <system-out/>
</testsuite> <!-- JiraAPITest.AddComment -->
