<?xml version="1.0" encoding="UTF-8"?>
<!-- Generated by org.testng.reporters.JUnitReportReporter -->
<testsuite skipped="0" hostname="DESKTOP-G66AB7M" name="JiraAPITest.EditJiraIssue" tests="1" failures="0" timestamp="2021-09-18T20:02:57 IST" time="2.699" errors="0">
  <testcase name="editIssue" time="2.699" classname="JiraAPITest.EditJiraIssue"/>
  <system-out/>
</testsuite> <!-- JiraAPITest.EditJiraIssue -->
