<?xml version="1.0" encoding="UTF-8"?>
<!-- Generated by org.testng.reporters.JUnitReportReporter -->
<testsuite skipped="0" hostname="DESKTOP-G66AB7M" name="TestCases.TestGetApi" tests="1" failures="0" timestamp="2021-07-21T18:07:18 IST" time="2.589" errors="0">
  <testcase name="getApiTest" time="2.589" classname="TestCases.TestGetApi"/>
  <system-out/>
</testsuite> <!-- TestCases.TestGetApi -->
