<?xml version="1.0" encoding="UTF-8"?>
<!-- Generated by org.testng.reporters.JUnitReportReporter -->
<testsuite skipped="0" hostname="DESKTOP-G66AB7M" name="ReqResTestcases.PutReqRes" tests="1" failures="0" timestamp="2021-08-27T17:22:34 IST" time="3.333" errors="0">
  <testcase name="putTest" time="3.333" classname="ReqResTestcases.PutReqRes"/>
  <system-out/>
</testsuite> <!-- ReqResTestcases.PutReqRes -->
