<?xml version="1.0" encoding="UTF-8"?>
<!-- Generated by org.testng.reporters.JUnitReportReporter -->
<testsuite skipped="0" hostname="DESKTOP-G66AB7M" name="ReqResTestcases.DeleteReqRes" tests="1" failures="0" timestamp="2021-08-27T17:32:04 IST" time="2.461" errors="0">
  <testcase name="deleteDataMethod4" time="2.461" classname="ReqResTestcases.DeleteReqRes"/>
  <system-out/>
</testsuite> <!-- ReqResTestcases.DeleteReqRes -->
