<?xml version="1.0" encoding="UTF-8"?>
<!-- Generated by org.testng.reporters.JUnitReportReporter -->
<testsuite skipped="0" hostname="DESKTOP-G66AB7M" name="ReqResTestcases.PostReqRes" tests="1" failures="0" timestamp="2021-08-27T14:37:59 IST" time="4.663" errors="0">
  <testcase name="postTest" time="4.663" classname="ReqResTestcases.PostReqRes"/>
  <system-out/>
</testsuite> <!-- ReqResTestcases.PostReqRes -->
