<?xml version="1.0" encoding="UTF-8"?>
<!-- Generated by org.testng.reporters.JUnitReportReporter -->
<testsuite skipped="0" hostname="DESKTOP-G66AB7M" name="ReqResTestcases.GetReqRes" tests="1" failures="0" timestamp="2021-08-27T17:16:37 IST" time="2.403" errors="0">
  <testcase name="getDataMethod4" time="2.403" classname="ReqResTestcases.GetReqRes"/>
  <system-out/>
</testsuite> <!-- ReqResTestcases.GetReqRes -->
