<?xml version="1.0" encoding="UTF-8"?>
<!-- Generated by org.testng.reporters.JUnitReportReporter -->
<testsuite skipped="0" hostname="DESKTOP-G66AB7M" name="JiraAPITest.CreateJiraIssue" tests="1" failures="0" timestamp="2021-09-18T19:39:47 IST" time="2.563" errors="0">
  <testcase name="createIssue" time="2.563" classname="JiraAPITest.CreateJiraIssue"/>
  <system-out/>
</testsuite> <!-- JiraAPITest.CreateJiraIssue -->
