<?xml version="1.0" encoding="UTF-8"?>
<!-- Generated by org.testng.reporters.JUnitReportReporter -->
<testsuite skipped="0" hostname="DESKTOP-G66AB7M" name="herocuApp.DeleteBooking" tests="1" failures="0" timestamp="2021-08-28T12:15:52 IST" time="5.127" errors="0">
  <testcase name="deleteTest" time="5.127" classname="herocuApp.DeleteBooking"/>
  <system-out/>
</testsuite> <!-- herocuApp.DeleteBooking -->
