<?xml version="1.0" encoding="UTF-8"?>
<!-- Generated by org.testng.reporters.JUnitReportReporter -->
<testsuite skipped="0" hostname="DESKTOP-G66AB7M" name="TestCases.TestHamcrest" tests="1" failures="0" timestamp="2021-07-21T20:08:23 IST" time="2.651" errors="0">
  <testcase name="testHamcrest" time="2.651" classname="TestCases.TestHamcrest"/>
  <system-out/>
</testsuite> <!-- TestCases.TestHamcrest -->
